This is pdfTeX, Version 3.14159265-2.6-1.40.17 (TeX Live 2016) (preloaded format=mex 2016.11.27)  20 NOV 2017 07:58
entering extended mode
 restricted \write18 enabled.
 %&-line parsing enabled.
**abc.o -L /usr/local/cuda/lib -lcudart -lcufft
(./read_bfee.o
This is MeX  Version 1.05  18 XII 1993  (B. Jackowski & M. Ry\'cko)
Missing character: There is no Ο in font plr10!
Missing character: There is no ϊ in font plr10!
Missing character: There is no ν in font plr10!
Missing character: There is no ώ in font plr10!
! Missing $ inserted.
<inserted text> 
                $
<to be read again> 
                   ^^A
l.1 Οϊνώ^^G^^@^^@^^A
                    ^^C^^@^^@^^@^^A^^@^^@^^@^^D^^@^^@^^@ ^^B^^@^^@^^@ ^^@^^@...

? 
! Double subscript.
l.1 Οϊνώ^^G^^@^^@^^A^^C^^@^^@^^@^^A
                                   ^^@^^@^^@^^D^^@^^@^^@ ^^B^^@^^@^^@ ^^@^^@...

? exit
No pages of output.
